0 info it worked if it ends with ok
1 verbose cli [
1 verbose cli   'C:\\Program Files\\nodejs\\node.exe',
1 verbose cli   'C:\\Users\\Arthur\\AppData\\Roaming\\npm\\node_modules\\npm\\bin\\npm-cli.js',
1 verbose cli   'publish'
1 verbose cli ]
2 info using npm@3.10.10
3 info using node@v12.15.0
4 verbose publish [ '.' ]
5 silly cache add args [ '.', null ]
6 verbose cache add spec .
7 silly cache add parsed spec Result {
7 silly cache add   raw: '.',
7 silly cache add   scope: null,
7 silly cache add   escapedName: null,
7 silly cache add   name: null,
7 silly cache add   rawSpec: '.',
7 silly cache add   spec: 'D:\\Code\\npm packages\\dcord-oauth',
7 silly cache add   type: 'directory'
7 silly cache add }
8 verbose addLocalDirectory C:\Users\Arthur\AppData\Roaming\npm-cache\dcord-oauth\1.0.0\package.tgz not in flight; packing
9 verbose correctMkdir C:\Users\Arthur\AppData\Roaming\npm-cache correctMkdir not in flight; initializing
10 info lifecycle dcord-oauth@1.0.0~prepublish: dcord-oauth@1.0.0
11 silly lifecycle dcord-oauth@1.0.0~prepublish: no script for prepublish, continuing
12 verbose tar pack [
12 verbose tar pack   'C:\\Users\\Arthur\\AppData\\Roaming\\npm-cache\\dcord-oauth\\1.0.0\\package.tgz',
12 verbose tar pack   'D:\\Code\\npm packages\\dcord-oauth'
12 verbose tar pack ]
13 verbose tarball C:\Users\Arthur\AppData\Roaming\npm-cache\dcord-oauth\1.0.0\package.tgz
14 verbose folder D:\Code\npm packages\dcord-oauth
15 verbose addLocalTarball adding from inside cache C:\Users\Arthur\AppData\Roaming\npm-cache\dcord-oauth\1.0.0\package.tgz
16 verbose correctMkdir C:\Users\Arthur\AppData\Roaming\npm-cache correctMkdir not in flight; initializing
17 silly cache afterAdd dcord-oauth@1.0.0
18 verbose afterAdd C:\Users\Arthur\AppData\Roaming\npm-cache\dcord-oauth\1.0.0\package\package.json not in flight; writing
19 verbose correctMkdir C:\Users\Arthur\AppData\Roaming\npm-cache correctMkdir not in flight; initializing
20 verbose afterAdd C:\Users\Arthur\AppData\Roaming\npm-cache\dcord-oauth\1.0.0\package\package.json written
21 silly publish {
21 silly publish   name: 'dcord-oauth',
21 silly publish   version: '1.0.0',
21 silly publish   description: 'A NPM Package to handle discord OAuth Requests.',
21 silly publish   main: 'index.js',
21 silly publish   scripts: { test: 'echo "Error: no test specified" && exit 1' },
21 silly publish   repository: {
21 silly publish     type: 'git',
21 silly publish     url: 'git+https://github.com/arthur-rl/dcord-oauth.git'
21 silly publish   },
21 silly publish   author: { name: 'Arthur' },
21 silly publish   license: 'MIT',
21 silly publish   bugs: { url: 'https://github.com/arthur-rl/dcord-oauth/issues' },
21 silly publish   homepage: 'https://github.com/arthur-rl/dcord-oauth#readme',
21 silly publish   dependencies: { axios: '^0.20.0', qs: '^6.9.4' },
21 silly publish   readme: '# dcord-oauth\r\n' +
21 silly publish     'A NPM Package for handling discord OAuth2 Requests!\r\n' +
21 silly publish     '\r\n' +
21 silly publish     '# Documentation\r\n' +
21 silly publish     '###\r\n' +
21 silly publish     '```js\r\n' +
21 silly publish     '  const DiscordOAuth = require("../dcord-oauth/lib");\r\n' +
21 silly publish     '  const OAuth = new DiscordOAuth.OAuth({\r\n' +
21 silly publish     '      clientID: "CLIENT_ID",\r\n' +
21 silly publish     '      clientSecret: "CLIENT_SECRET",\r\n' +
21 silly publish     '      scope: ["identify"],\r\n' +
21 silly publish     '      callback: "http://localhost/callback"\r\n' +
21 silly publish     '  })\r\n' +
21 silly publish     '```\r\n' +
21 silly publish     '* Getting the OAuth code\r\n' +
21 silly publish     "* In this example i'll be using an express server, but you can use any.\r\n" +
21 silly publish     '```js \r\n' +
21 silly publish     "  router.get('/login', (req, res) => {\r\n" +
21 silly publish     '    res.redirect(OAuth.getUrl())\r\n' +
21 silly publish     '  });\r\n' +
21 silly publish     '```\r\n' +
21 silly publish     '* Getting the user data\r\n' +
21 silly publish     '```js\r\n' +
21 silly publish     "router.get('/callback', async (req, res) => {\r\n" +
21 silly publish     '    let code = req.query.code\r\n' +
21 silly publish     '    if (code) {\r\n' +
21 silly publish     '        let codes = await OAuth.getTokens(code)\r\n' +
21 silly publish     '        let User = new DiscordOAuth.User(codes.access_token)\r\n' +
21 silly publish     '        let user = await User.getUser();\r\n' +
21 silly publish     '        let guilds = await User.getGuilds();\r\n' +
21 silly publish     '        res.json({guilds: guilds, user: user})\r\n' +
21 silly publish     '    }else{\r\n' +
21 silly publish     '        res.sendStatus(400)\r\n' +
21 silly publish     '    }\r\n' +
21 silly publish     '});\r\n' +
21 silly publish     '```\r\n' +
21 silly publish     "* That's pretty much it for the basics. Feel free to make PR's to make this package better!\r\n",
21 silly publish   readmeFilename: 'README.md',
21 silly publish   gitHead: 'ce8fbf584a5f515c4a798d1c5cbb7a86c936b074',
21 silly publish   _id: 'dcord-oauth@1.0.0',
21 silly publish   _shasum: '2b469ae8f4bc15fbbb6ef2ba625c47d46b846520',
21 silly publish   _from: '.'
21 silly publish }
22 verbose getPublishConfig undefined
23 silly mapToRegistry name dcord-oauth
24 silly mapToRegistry using default registry
25 silly mapToRegistry registry https://registry.npmjs.org/
26 silly mapToRegistry data Result {
26 silly mapToRegistry   raw: 'dcord-oauth',
26 silly mapToRegistry   scope: null,
26 silly mapToRegistry   escapedName: 'dcord-oauth',
26 silly mapToRegistry   name: 'dcord-oauth',
26 silly mapToRegistry   rawSpec: '',
26 silly mapToRegistry   spec: 'latest',
26 silly mapToRegistry   type: 'tag'
26 silly mapToRegistry }
27 silly mapToRegistry uri https://registry.npmjs.org/dcord-oauth
28 verbose publish registryBase https://registry.npmjs.org/
29 silly publish uploading C:\Users\Arthur\AppData\Roaming\npm-cache\dcord-oauth\1.0.0\package.tgz
30 verbose request uri https://registry.npmjs.org/dcord-oauth
31 verbose request sending authorization for write operation
32 info attempt registry request try #1 at 21:30:11
33 verbose request using bearer token for auth
34 verbose request id 01d6c9ec14f3f7e8
35 http request PUT https://registry.npmjs.org/dcord-oauth
36 http 403 https://registry.npmjs.org/dcord-oauth
37 verbose headers {
37 verbose headers   date: 'Fri, 16 Oct 2020 20:30:13 GMT',
37 verbose headers   'content-type': 'application/json',
37 verbose headers   'transfer-encoding': 'chunked',
37 verbose headers   connection: 'keep-alive',
37 verbose headers   'set-cookie': [
37 verbose headers     '__cfduid=d2279de5bd6c68de71fdfbaabb14e96441602880212; expires=Sun, 15-Nov-20 20:30:12 GMT; path=/; domain=.npmjs.org; HttpOnly; SameSite=Lax'
37 verbose headers   ],
37 verbose headers   'cf-ray': '5e348952fb886a65-LHR',
37 verbose headers   'cf-cache-status': 'DYNAMIC',
37 verbose headers   'cf-request-id': '05d4b427dd00006a65ab2e1000000001',
37 verbose headers   'expect-ct': 'max-age=604800, report-uri="https://report-uri.cloudflare.com/cdn-cgi/beacon/expect-ct"',
37 verbose headers   vary: 'Accept-Encoding',
37 verbose headers   server: 'cloudflare',
37 verbose headers   'content-encoding': 'gzip'
37 verbose headers }
38 verbose request invalidating C:\Users\Arthur\AppData\Roaming\npm-cache\registry.npmjs.org\dcord-oauth on PUT
39 error publish Failed PUT 403
40 verbose stack Error: You cannot publish over the previously published versions: 1.0.0. : dcord-oauth
40 verbose stack     at makeError (C:\Users\Arthur\AppData\Roaming\npm\node_modules\npm\node_modules\npm-registry-client\lib\request.js:302:12)
40 verbose stack     at CachingRegistryClient.<anonymous> (C:\Users\Arthur\AppData\Roaming\npm\node_modules\npm\node_modules\npm-registry-client\lib\request.js:290:14)
40 verbose stack     at Gunzip.cb (C:\Users\Arthur\AppData\Roaming\npm\node_modules\npm\node_modules\npm-registry-client\lib\request.js:216:7)
40 verbose stack     at Gunzip.zlibBufferOnEnd (zlib.js:139:10)
40 verbose stack     at Gunzip.emit (events.js:228:7)
40 verbose stack     at endReadableNT (_stream_readable.js:1185:12)
40 verbose stack     at processTicksAndRejections (internal/process/task_queues.js:81:21)
41 verbose statusCode 403
42 verbose pkgid dcord-oauth
43 verbose cwd D:\Code\npm packages\dcord-oauth
44 error Windows_NT 10.0.18363
45 error argv "C:\\Program Files\\nodejs\\node.exe" "C:\\Users\\Arthur\\AppData\\Roaming\\npm\\node_modules\\npm\\bin\\npm-cli.js" "publish"
46 error node v12.15.0
47 error npm  v3.10.10
48 error code E403
49 error You cannot publish over the previously published versions: 1.0.0. : dcord-oauth
50 error If you need help, you may report this error at:
50 error     <https://github.com/npm/npm/issues>
51 verbose exit [ 1, true ]
